16:43:22 **** Incremental Build of configuration Debug for project LAB1 ****
make -j8 all 
arm-none-eabi-gcc "../Core/Src/Ex10.c" -mcpu=cortex-m3 -std=gnu11 -g3 -DDEBUG -DUSE_HAL_DRIVER -DSTM32F103x6 -c -I../Core/Inc -I../Drivers/STM32F1xx_HAL_Driver/Inc -I../Drivers/STM32F1xx_HAL_Driver/Inc/Legacy -I../Drivers/CMSIS/Device/ST/STM32F1xx/Include -I../Drivers/CMSIS/Include -O0 -ffunction-sections -fdata-sections -Wall -fstack-usage -MMD -MP -MF"Core/Src/Ex10.d" -MT"Core/Src/Ex10.o" --specs=nano.specs -mfloat-abi=soft -mthumb -o "Core/Src/Ex10.o"
arm-none-eabi-gcc "../Core/Src/main.c" -mcpu=cortex-m3 -std=gnu11 -g3 -DDEBUG -DUSE_HAL_DRIVER -DSTM32F103x6 -c -I../Core/Inc -I../Drivers/STM32F1xx_HAL_Driver/Inc -I../Drivers/STM32F1xx_HAL_Driver/Inc/Legacy -I../Drivers/CMSIS/Device/ST/STM32F1xx/Include -I../Drivers/CMSIS/Include -O0 -ffunction-sections -fdata-sections -Wall -fstack-usage -MMD -MP -MF"Core/Src/main.d" -MT"Core/Src/main.o" --specs=nano.specs -mfloat-abi=soft -mthumb -o "Core/Src/main.o"
../Core/Src/main.c:22:10: fatal error: Ex1.h: No such file or directory
   22 | #include "Ex1.h"
      |          ^~~~~~~
compilation terminated.
../Core/Src/Ex10.c:9:10: fatal error: Ex7.h: No such file or directory
    9 | #include "Ex7.h"
      |          ^~~~~~~
compilation terminated.
make: *** [Core/Src/subdir.mk:37: Core/Src/main.o] Error 1
make: *** Waiting for unfinished jobs....
make: *** [Core/Src/subdir.mk:37: Core/Src/Ex10.o] Error 1
"make -j8 all" terminated with exit code 2. Build might be incomplete.

16:43:22 Build Failed. 5 errors, 0 warnings. (took 239ms)

